
> liminal-ai@2.1.0 proof:route-performance /Users/simongonzalezdecruz/workspaces/kyanite-labs/liminal/.worktrees/final-qa-persona-cluster-audit-20260506
> tsx scripts/proof/route-performance-budget.ts


node:internal/modules/run_main:107
    triggerUncaughtException(
    ^
Error [ERR_MODULE_NOT_FOUND]: Cannot find module '/Users/simongonzalezdecruz/workspaces/kyanite-labs/liminal/.worktrees/final-qa-persona-cluster-audit-20260506/scripts/proof/route-performance-budget.ts' imported from /Users/simongonzalezdecruz/workspaces/kyanite-labs/liminal/.worktrees/final-qa-persona-cluster-audit-20260506/
    at finalizeResolution (node:internal/modules/esm/resolve:275:11)
    at moduleResolve (node:internal/modules/esm/resolve:865:10)
    at defaultResolve (node:internal/modules/esm/resolve:991:11)
    at nextResolve (node:internal/modules/esm/hooks:769:28)
    at resolveBase (file:///Users/simongonzalezdecruz/workspaces/kyanite-labs/liminal/.worktrees/final-qa-persona-cluster-audit-20260506/node_modules/.pnpm/tsx@4.21.0/node_modules/tsx/dist/esm/index.mjs?1778031498749:2:3744)
    at resolveDirectory (file:///Users/simongonzalezdecruz/workspaces/kyanite-labs/liminal/.worktrees/final-qa-persona-cluster-audit-20260506/node_modules/.pnpm/tsx@4.21.0/node_modules/tsx/dist/esm/index.mjs?1778031498749:2:4243)
    at resolveTsPaths (file:///Users/simongonzalezdecruz/workspaces/kyanite-labs/liminal/.worktrees/final-qa-persona-cluster-audit-20260506/node_modules/.pnpm/tsx@4.21.0/node_modules/tsx/dist/esm/index.mjs?1778031498749:2:4984)
    at resolve (file:///Users/simongonzalezdecruz/workspaces/kyanite-labs/liminal/.worktrees/final-qa-persona-cluster-audit-20260506/node_modules/.pnpm/tsx@4.21.0/node_modules/tsx/dist/esm/index.mjs?1778031498749:2:5361)
    at nextResolve (node:internal/modules/esm/hooks:769:28)
    at AsyncLoaderHooksOnLoaderHookWorker.resolve (node:internal/modules/esm/hooks:265:30) {
  code: 'ERR_MODULE_NOT_FOUND',
  url: 'file:///Users/simongonzalezdecruz/workspaces/kyanite-labs/liminal/.worktrees/final-qa-persona-cluster-audit-20260506/scripts/proof/route-performance-budget.ts'
}

Node.js v25.6.1
 ELIFECYCLE  Command failed with exit code 1.
